<?xml version="1.0" encoding="UTF-8"?>
<!-- Generated by org.testng.reporters.JUnitReportReporter -->
<testsuite hostname="DESKTOP-NTFA92S" failures="0" tests="2" name="Runner.Runner" time="13.844" errors="0" timestamp="2024-10-13T19:37:25 IST" skipped="0">
  <testcase classname="Runner.Runner" name="runScenario" time="8.305"/>
  <testcase classname="Runner.Runner" name="runScenario" time="5.539"/>
</testsuite> <!-- Runner.Runner -->
